[2023-03-29 09:57:29] merlin-logger.ERROR: The file was not able to save to disk, while trying to download it {"url":"https://raw.githubusercontent.com/gutenify/demo-content/main/themes/gutenify-civil/plugin-settings.json","filename":"gutenify-civil-plugin-settings.json"} []
[2023-03-29 09:57:29] merlin-logger.INFO: Imported "Blocks" (category) [] []
[2023-03-29 09:57:29] merlin-logger.DEBUG: Term 7 remapped to 4 [] []
[2023-03-29 09:57:29] merlin-logger.INFO: Imported "FSE" (category) [] []
[2023-03-29 09:57:29] merlin-logger.DEBUG: Term 6 remapped to 5 [] []
[2023-03-29 09:57:29] merlin-logger.INFO: Imported "Gutenify" (category) [] []
[2023-03-29 09:57:29] merlin-logger.DEBUG: Term 5 remapped to 6 [] []
[2023-03-29 09:57:29] merlin-logger.INFO: Imported "Main Menu" (nav_menu) [] []
[2023-03-29 09:57:29] merlin-logger.DEBUG: Term 3 remapped to 7 [] []
[2023-03-29 09:57:29] merlin-logger.INFO: Imported "Sample Page" (Page) [] []
[2023-03-29 09:57:29] merlin-logger.DEBUG: Post 2 remapped to 30 [] []
[2023-03-29 09:57:29] merlin-logger.INFO: Imported "Home" (Page) [] []
[2023-03-29 09:57:29] merlin-logger.DEBUG: Post 4 remapped to 31 [] []
[2023-03-29 09:57:29] merlin-logger.INFO: Imported "About Us" (Page) [] []
[2023-03-29 09:57:29] merlin-logger.DEBUG: Post 5 remapped to 32 [] []
[2023-03-29 09:57:29] merlin-logger.INFO: Imported "Contact Us" (Page) [] []
[2023-03-29 09:57:29] merlin-logger.DEBUG: Post 6 remapped to 33 [] []
[2023-03-29 09:57:29] merlin-logger.INFO: Imported "Services" (Page) [] []
[2023-03-29 09:57:29] merlin-logger.DEBUG: Post 7 remapped to 34 [] []
[2023-03-29 09:57:29] merlin-logger.INFO: Imported "" (Navigation Menu Item) [] []
[2023-03-29 09:57:29] merlin-logger.DEBUG: Post 15 remapped to 35 [] []
[2023-03-29 09:57:29] merlin-logger.DEBUG: Processing menu item post_type [] []
[2023-03-29 09:57:29] merlin-logger.DEBUG: Menu item 5 mapped to 32 [] []
[2023-03-29 09:57:29] merlin-logger.INFO: Imported "" (Navigation Menu Item) [] []
[2023-03-29 09:57:29] merlin-logger.DEBUG: Post 16 remapped to 36 [] []
[2023-03-29 09:57:29] merlin-logger.DEBUG: Processing menu item post_type [] []
[2023-03-29 09:57:29] merlin-logger.DEBUG: Menu item 6 mapped to 33 [] []
[2023-03-29 09:57:29] merlin-logger.INFO: Imported "" (Navigation Menu Item) [] []
[2023-03-29 09:57:29] merlin-logger.DEBUG: Post 17 remapped to 37 [] []
[2023-03-29 09:57:29] merlin-logger.DEBUG: Processing menu item post_type [] []
[2023-03-29 09:57:29] merlin-logger.DEBUG: Menu item 4 mapped to 31 [] []
[2023-03-29 09:57:29] merlin-logger.INFO: Imported "" (Navigation Menu Item) [] []
[2023-03-29 09:57:29] merlin-logger.DEBUG: Post 19 remapped to 38 [] []
[2023-03-29 09:57:29] merlin-logger.DEBUG: Processing menu item post_type [] []
[2023-03-29 09:57:29] merlin-logger.DEBUG: Menu item 7 mapped to 34 [] []
[2023-03-29 09:57:29] merlin-logger.INFO: Imported "" (Navigation Menu Item) [] []
[2023-03-29 09:57:29] merlin-logger.DEBUG: Post 51 remapped to 51 [] []
[2023-03-29 09:57:29] merlin-logger.DEBUG: Processing menu item post_type [] []
[2023-03-29 09:57:29] merlin-logger.DEBUG: Menu item 7 mapped to 34 [] []
[2023-03-29 09:57:29] merlin-logger.INFO: Imported "" (Navigation Menu Item) [] []
[2023-03-29 09:57:29] merlin-logger.DEBUG: Post 52 remapped to 52 [] []
[2023-03-29 09:57:29] merlin-logger.DEBUG: Processing menu item post_type [] []
[2023-03-29 09:57:29] merlin-logger.DEBUG: Menu item 6 mapped to 33 [] []
[2023-03-29 09:57:29] merlin-logger.INFO: Imported "" (Navigation Menu Item) [] []
[2023-03-29 09:57:29] merlin-logger.DEBUG: Post 53 remapped to 53 [] []
[2023-03-29 09:57:29] merlin-logger.DEBUG: Processing menu item post_type [] []
[2023-03-29 09:57:29] merlin-logger.DEBUG: Menu item 5 mapped to 32 [] []
[2023-03-29 09:57:29] merlin-logger.INFO: Imported "Pages" (Navigation Menu Item) [] []
[2023-03-29 09:57:29] merlin-logger.DEBUG: Post 54 remapped to 54 [] []
[2023-03-29 09:57:29] merlin-logger.DEBUG: Processing menu item custom [] []
[2023-03-29 09:57:29] merlin-logger.DEBUG: Menu item 54 mapped to 54 [] []
[2023-03-29 09:57:29] merlin-logger.INFO: Imported "News" (Page) [] []
[2023-03-29 09:57:29] merlin-logger.DEBUG: Post 72 remapped to 72 [] []
[2023-03-29 09:57:29] merlin-logger.INFO: Imported "" (Navigation Menu Item) [] []
[2023-03-29 09:57:29] merlin-logger.DEBUG: Post 74 remapped to 74 [] []
[2023-03-29 09:57:29] merlin-logger.DEBUG: Processing menu item post_type [] []
[2023-03-29 09:57:29] merlin-logger.DEBUG: Menu item 72 mapped to 72 [] []
[2023-03-29 09:57:36] merlin-logger.INFO: Imported "service-5" (Media) [] []
[2023-03-29 09:57:36] merlin-logger.DEBUG: Post 209 remapped to 209 [] []
[2023-03-29 09:57:44] merlin-logger.INFO: Imported "inner-banner" (Media) [] []
[2023-03-29 09:57:44] merlin-logger.DEBUG: Post 211 remapped to 211 [] []
[2023-03-29 09:57:52] merlin-logger.INFO: Imported "wwd-1" (Media) [] []
[2023-03-29 09:57:52] merlin-logger.DEBUG: Post 212 remapped to 212 [] []
[2023-03-29 09:57:52] merlin-logger.INFO: New AJAX call! [] []
[2023-03-29 09:57:56] merlin-logger.ERROR: The file was not able to save to disk, while trying to download it {"url":"https://raw.githubusercontent.com/gutenify/demo-content/main/themes/gutenify-civil/plugin-settings.json","filename":"gutenify-civil-plugin-settings.json"} []
[2023-03-29 09:58:03] merlin-logger.INFO: Imported "wwd-3" (Media) [] []
[2023-03-29 09:58:03] merlin-logger.DEBUG: Post 213 remapped to 213 [] []
[2023-03-29 09:58:11] merlin-logger.INFO: Imported "wwd-5" (Media) [] []
[2023-03-29 09:58:11] merlin-logger.DEBUG: Post 216 remapped to 216 [] []
[2023-03-29 09:58:11] merlin-logger.INFO: Imported "Custom Styles" (Global Styles) [] []
[2023-03-29 09:58:11] merlin-logger.DEBUG: Post 8 remapped to 217 [] []
[2023-03-29 09:58:11] merlin-logger.INFO: Imported "Header navigation" (Navigation Menu) [] []
[2023-03-29 09:58:11] merlin-logger.DEBUG: Post 13 remapped to 218 [] []
[2023-03-29 09:58:11] merlin-logger.INFO: Imported "Main Menu" (Navigation Menu) [] []
[2023-03-29 09:58:11] merlin-logger.DEBUG: Post 20 remapped to 219 [] []
[2023-03-29 09:58:11] merlin-logger.INFO: Imported "Home" (Template) [] []
[2023-03-29 09:58:11] merlin-logger.DEBUG: Post 23 remapped to 220 [] []
[2023-03-29 09:58:11] merlin-logger.INFO: Imported "The best apps to your next trip" (Post) [] []
[2023-03-29 09:58:11] merlin-logger.DEBUG: Post 40 remapped to 40 [] []
[2023-03-29 09:58:11] merlin-logger.INFO: Imported "Latest Fashion Trends in This summer￼" (Post) [] []
[2023-03-29 09:58:11] merlin-logger.DEBUG: Post 45 remapped to 45 [] []
[2023-03-29 09:58:11] merlin-logger.INFO: Imported "Highlights New York Fashion Week 2022" (Post) [] []
[2023-03-29 09:58:11] merlin-logger.DEBUG: Post 46 remapped to 46 [] []
[2023-03-29 09:58:11] merlin-logger.INFO: Imported "Main Menu" (Navigation Menu) [] []
[2023-03-29 09:58:11] merlin-logger.DEBUG: Post 56 remapped to 56 [] []
[2023-03-29 09:58:11] merlin-logger.INFO: Imported "Main Menu" (Navigation Menu) [] []
[2023-03-29 09:58:11] merlin-logger.DEBUG: Post 75 remapped to 75 [] []
[2023-03-29 09:58:11] merlin-logger.INFO: Imported "Archive" (Template) [] []
[2023-03-29 09:58:11] merlin-logger.DEBUG: Post 158 remapped to 158 [] []
[2023-03-29 09:58:11] merlin-logger.INFO: Imported "Single Post" (Template) [] []
[2023-03-29 09:58:11] merlin-logger.DEBUG: Post 159 remapped to 159 [] []
[2023-03-29 09:58:11] merlin-logger.INFO: Imported "404" (Template) [] []
[2023-03-29 09:58:11] merlin-logger.DEBUG: Post 160 remapped to 160 [] []
[2023-03-29 09:58:11] merlin-logger.INFO: Imported "Page (No Title / Feature Image)" (Template) [] []
[2023-03-29 09:58:11] merlin-logger.DEBUG: Post 161 remapped to 161 [] []
[2023-03-29 09:58:11] merlin-logger.INFO: Imported "Page" (Template) [] []
[2023-03-29 09:58:11] merlin-logger.DEBUG: Post 162 remapped to 162 [] []
[2023-03-29 09:58:11] merlin-logger.INFO: Imported "Search" (Template) [] []
[2023-03-29 09:58:11] merlin-logger.DEBUG: Post 163 remapped to 163 [] []
[2023-03-29 09:58:11] merlin-logger.INFO: Imported "Custom Styles" (Global Styles) [] []
[2023-03-29 09:58:11] merlin-logger.DEBUG: Post 170 remapped to 170 [] []
[2023-03-29 09:58:11] merlin-logger.INFO: Imported "Main Menu" (Navigation Menu) [] []
[2023-03-29 09:58:11] merlin-logger.DEBUG: Post 192 remapped to 192 [] []
[2023-03-29 09:58:11] merlin-logger.INFO: Template "Archive" already exists. [] []
[2023-03-29 09:58:11] merlin-logger.INFO: Imported "Custom Styles" (Global Styles) [] []
[2023-03-29 09:58:11] merlin-logger.DEBUG: Post 207 remapped to 207 [] []
[2023-03-29 09:58:11] merlin-logger.INFO: Imported "<a href="https://creativthemes.com/theme-demo/daily-construction/2022/02/14/open-your-business-for-creative-ideas/">Open Your Business For Creative Ideas</a>" (Post) [] []
[2023-03-29 09:58:11] merlin-logger.DEBUG: Post 214 remapped to 214 [] []
[2023-03-29 09:58:11] merlin-logger.INFO: Imported "Header" (Template Part) [] []
[2023-03-29 09:58:11] merlin-logger.DEBUG: Post 22 remapped to 221 [] []
[2023-03-29 09:58:11] merlin-logger.INFO: Imported "Footer" (Template Part) [] []
[2023-03-29 09:58:11] merlin-logger.DEBUG: Post 164 remapped to 164 [] []
[2023-03-29 09:58:11] merlin-logger.INFO: Imported "Sidebar" (Template Part) [] []
[2023-03-29 09:58:11] merlin-logger.DEBUG: Post 165 remapped to 165 [] []
[2023-03-29 09:58:11] merlin-logger.INFO: Imported "Header" (Template Part) [] []
[2023-03-29 09:58:11] merlin-logger.DEBUG: Post 176 remapped to 176 [] []
[2023-03-29 09:58:11] merlin-logger.INFO: Template "Single" already exists. [] []
[2023-03-29 09:58:11] merlin-logger.INFO: Template "404" already exists. [] []
[2023-03-29 09:58:11] merlin-logger.INFO: Imported "Home" (Template) [] []
[2023-03-29 09:58:11] merlin-logger.DEBUG: Post 199 remapped to 199 [] []
[2023-03-29 09:58:11] merlin-logger.INFO: Template "Page (No Title / Feature Image)" already exists. [] []
[2023-03-29 09:58:11] merlin-logger.INFO: Template "Page" already exists. [] []
[2023-03-29 09:58:11] merlin-logger.INFO: Template "Search" already exists. [] []
[2023-03-29 09:58:11] merlin-logger.INFO: Template Part "Footer" already exists. [] []
[2023-03-29 09:58:11] merlin-logger.INFO: Template "Home" already exists. [] []
[2023-03-29 09:58:11] merlin-logger.INFO: Template "Archive" already exists. [] []
[2023-03-29 09:58:11] merlin-logger.INFO: Template "Single" already exists. [] []
[2023-03-29 09:58:11] merlin-logger.INFO: Template "404" already exists. [] []
[2023-03-29 09:58:11] merlin-logger.INFO: Imported "Index" (Template) [] []
[2023-03-29 09:58:11] merlin-logger.DEBUG: Post 237 remapped to 237 [] []
[2023-03-29 09:58:11] merlin-logger.INFO: Template "Page (No Title / Feature Image)" already exists. [] []
[2023-03-29 09:58:11] merlin-logger.INFO: Template "Page" already exists. [] []
[2023-03-29 09:58:11] merlin-logger.INFO: Template "Search" already exists. [] []
[2023-03-29 09:58:11] merlin-logger.INFO: Imported "Blog Listing" (Template) [] []
[2023-03-29 09:58:11] merlin-logger.DEBUG: Post 246 remapped to 246 [] []
[2023-03-29 09:58:11] merlin-logger.INFO: Imported "Contact form 1" (Contact Form) [] []
[2023-03-29 09:58:11] merlin-logger.DEBUG: Post 60 remapped to 60 [] []
[2023-03-29 09:58:11] merlin-logger.INFO: Template Part "Sidebar" already exists. [] []
[2023-03-29 09:58:11] merlin-logger.INFO: Template Part "Footer" already exists. [] []
[2023-03-29 09:58:11] merlin-logger.INFO: Template Part "Header" already exists. [] []
[2023-03-29 09:58:11] merlin-logger.DEBUG: Running post-processing for post 30 [] []
[2023-03-29 09:58:11] merlin-logger.WARNING: Could not find the author for "Sample Page" (post #30) [] []
[2023-03-29 09:58:11] merlin-logger.DEBUG: Post 30 was imported with author "myuser", but could not be found [] []
[2023-03-29 09:58:11] merlin-logger.DEBUG: Post 30 was marked for post-processing, but none was required. [] []
[2023-03-29 09:58:11] merlin-logger.DEBUG: Running post-processing for post 31 [] []
[2023-03-29 09:58:11] merlin-logger.WARNING: Could not find the author for "Home" (post #31) [] []
[2023-03-29 09:58:11] merlin-logger.DEBUG: Post 31 was imported with author "myuser", but could not be found [] []
[2023-03-29 09:58:11] merlin-logger.DEBUG: Post 31 was marked for post-processing, but none was required. [] []
[2023-03-29 09:58:11] merlin-logger.DEBUG: Running post-processing for post 32 [] []
[2023-03-29 09:58:11] merlin-logger.WARNING: Could not find the author for "About Us" (post #32) [] []
[2023-03-29 09:58:11] merlin-logger.DEBUG: Post 32 was imported with author "myuser", but could not be found [] []
[2023-03-29 09:58:11] merlin-logger.DEBUG: Post 32 was marked for post-processing, but none was required. [] []
[2023-03-29 09:58:11] merlin-logger.DEBUG: Running post-processing for post 33 [] []
[2023-03-29 09:58:11] merlin-logger.WARNING: Could not find the author for "Contact Us" (post #33) [] []
[2023-03-29 09:58:11] merlin-logger.DEBUG: Post 33 was imported with author "myuser", but could not be found [] []
[2023-03-29 09:58:11] merlin-logger.DEBUG: Post 33 was marked for post-processing, but none was required. [] []
[2023-03-29 09:58:11] merlin-logger.DEBUG: Running post-processing for post 34 [] []
[2023-03-29 09:58:11] merlin-logger.WARNING: Could not find the author for "Services" (post #34) [] []
[2023-03-29 09:58:11] merlin-logger.DEBUG: Post 34 was imported with author "myuser", but could not be found [] []
[2023-03-29 09:58:11] merlin-logger.DEBUG: Post 34 was marked for post-processing, but none was required. [] []
[2023-03-29 09:58:11] merlin-logger.DEBUG: Running post-processing for post 35 [] []
[2023-03-29 09:58:11] merlin-logger.WARNING: Could not find the author for "" (post #35) [] []
[2023-03-29 09:58:11] merlin-logger.DEBUG: Post 35 was imported with author "myuser", but could not be found [] []
[2023-03-29 09:58:11] merlin-logger.DEBUG: Post 35 was marked for post-processing, but none was required. [] []
[2023-03-29 09:58:11] merlin-logger.DEBUG: Running post-processing for post 36 [] []
[2023-03-29 09:58:11] merlin-logger.WARNING: Could not find the author for "" (post #36) [] []
[2023-03-29 09:58:11] merlin-logger.DEBUG: Post 36 was imported with author "myuser", but could not be found [] []
[2023-03-29 09:58:11] merlin-logger.DEBUG: Post 36 was marked for post-processing, but none was required. [] []
[2023-03-29 09:58:11] merlin-logger.DEBUG: Running post-processing for post 37 [] []
[2023-03-29 09:58:11] merlin-logger.WARNING: Could not find the author for "" (post #37) [] []
[2023-03-29 09:58:11] merlin-logger.DEBUG: Post 37 was imported with author "myuser", but could not be found [] []
[2023-03-29 09:58:11] merlin-logger.DEBUG: Post 37 was marked for post-processing, but none was required. [] []
[2023-03-29 09:58:11] merlin-logger.DEBUG: Running post-processing for post 38 [] []
[2023-03-29 09:58:11] merlin-logger.WARNING: Could not find the author for "" (post #38) [] []
[2023-03-29 09:58:11] merlin-logger.DEBUG: Post 38 was imported with author "myuser", but could not be found [] []
[2023-03-29 09:58:11] merlin-logger.DEBUG: Post 38 was marked for post-processing, but none was required. [] []
[2023-03-29 09:58:11] merlin-logger.DEBUG: Running post-processing for post 51 [] []
[2023-03-29 09:58:11] merlin-logger.WARNING: Could not find the author for "" (post #51) [] []
[2023-03-29 09:58:11] merlin-logger.DEBUG: Post 51 was imported with author "myuser", but could not be found [] []
[2023-03-29 09:58:11] merlin-logger.DEBUG: Post 51 was marked for post-processing, but none was required. [] []
[2023-03-29 09:58:11] merlin-logger.DEBUG: Running post-processing for post 52 [] []
[2023-03-29 09:58:11] merlin-logger.WARNING: Could not find the author for "" (post #52) [] []
[2023-03-29 09:58:11] merlin-logger.DEBUG: Post 52 was imported with author "myuser", but could not be found [] []
[2023-03-29 09:58:11] merlin-logger.DEBUG: Post 52 was marked for post-processing, but none was required. [] []
[2023-03-29 09:58:11] merlin-logger.DEBUG: Running post-processing for post 53 [] []
[2023-03-29 09:58:11] merlin-logger.WARNING: Could not find the author for "" (post #53) [] []
[2023-03-29 09:58:11] merlin-logger.DEBUG: Post 53 was imported with author "myuser", but could not be found [] []
[2023-03-29 09:58:11] merlin-logger.DEBUG: Post 53 was marked for post-processing, but none was required. [] []
[2023-03-29 09:58:11] merlin-logger.DEBUG: Running post-processing for post 54 [] []
[2023-03-29 09:58:11] merlin-logger.WARNING: Could not find the author for "Pages" (post #54) [] []
[2023-03-29 09:58:11] merlin-logger.DEBUG: Post 54 was imported with author "myuser", but could not be found [] []
[2023-03-29 09:58:11] merlin-logger.DEBUG: Post 54 was marked for post-processing, but none was required. [] []
[2023-03-29 09:58:11] merlin-logger.DEBUG: Running post-processing for post 72 [] []
[2023-03-29 09:58:11] merlin-logger.WARNING: Could not find the author for "News" (post #72) [] []
[2023-03-29 09:58:11] merlin-logger.DEBUG: Post 72 was imported with author "myuser", but could not be found [] []
[2023-03-29 09:58:11] merlin-logger.DEBUG: Post 72 was marked for post-processing, but none was required. [] []
[2023-03-29 09:58:11] merlin-logger.DEBUG: Running post-processing for post 74 [] []
[2023-03-29 09:58:11] merlin-logger.WARNING: Could not find the author for "" (post #74) [] []
[2023-03-29 09:58:11] merlin-logger.DEBUG: Post 74 was imported with author "myuser", but could not be found [] []
[2023-03-29 09:58:11] merlin-logger.DEBUG: Post 74 was marked for post-processing, but none was required. [] []
[2023-03-29 09:58:11] merlin-logger.DEBUG: Running post-processing for post 209 [] []
[2023-03-29 09:58:11] merlin-logger.WARNING: Could not find the author for "service-5" (post #209) [] []
[2023-03-29 09:58:11] merlin-logger.DEBUG: Post 209 was imported with author "myuser", but could not be found [] []
[2023-03-29 09:58:11] merlin-logger.DEBUG: Post 209 was marked for post-processing, but none was required. [] []
[2023-03-29 09:58:11] merlin-logger.DEBUG: Running post-processing for post 211 [] []
[2023-03-29 09:58:11] merlin-logger.WARNING: Could not find the author for "inner-banner" (post #211) [] []
[2023-03-29 09:58:11] merlin-logger.DEBUG: Post 211 was imported with author "myuser", but could not be found [] []
[2023-03-29 09:58:11] merlin-logger.DEBUG: Post 211 was marked for post-processing, but none was required. [] []
[2023-03-29 09:58:11] merlin-logger.DEBUG: Running post-processing for post 212 [] []
[2023-03-29 09:58:11] merlin-logger.WARNING: Could not find the author for "wwd-1" (post #212) [] []
[2023-03-29 09:58:11] merlin-logger.DEBUG: Post 212 was imported with author "myuser", but could not be found [] []
[2023-03-29 09:58:11] merlin-logger.DEBUG: Running post-processing for post 213 [] []
[2023-03-29 09:58:11] merlin-logger.WARNING: Could not find the author for "wwd-3" (post #213) [] []
[2023-03-29 09:58:11] merlin-logger.DEBUG: Post 213 was imported with author "myuser", but could not be found [] []
[2023-03-29 09:58:11] merlin-logger.DEBUG: Running post-processing for post 216 [] []
[2023-03-29 09:58:11] merlin-logger.WARNING: Could not find the author for "wwd-5" (post #216) [] []
[2023-03-29 09:58:11] merlin-logger.DEBUG: Post 216 was imported with author "myuser", but could not be found [] []
[2023-03-29 09:58:11] merlin-logger.DEBUG: Running post-processing for post 217 [] []
[2023-03-29 09:58:11] merlin-logger.WARNING: Could not find the author for "Custom Styles" (post #217) [] []
[2023-03-29 09:58:11] merlin-logger.DEBUG: Post 217 was imported with author "myuser", but could not be found [] []
[2023-03-29 09:58:11] merlin-logger.DEBUG: Post 217 was marked for post-processing, but none was required. [] []
[2023-03-29 09:58:11] merlin-logger.DEBUG: Running post-processing for post 218 [] []
[2023-03-29 09:58:11] merlin-logger.WARNING: Could not find the author for "Header navigation" (post #218) [] []
[2023-03-29 09:58:11] merlin-logger.DEBUG: Post 218 was imported with author "myuser", but could not be found [] []
[2023-03-29 09:58:11] merlin-logger.DEBUG: Post 218 was marked for post-processing, but none was required. [] []
[2023-03-29 09:58:11] merlin-logger.DEBUG: Running post-processing for post 219 [] []
[2023-03-29 09:58:11] merlin-logger.WARNING: Could not find the author for "Main Menu" (post #219) [] []
[2023-03-29 09:58:11] merlin-logger.DEBUG: Post 219 was imported with author "myuser", but could not be found [] []
[2023-03-29 09:58:11] merlin-logger.DEBUG: Post 219 was marked for post-processing, but none was required. [] []
[2023-03-29 09:58:11] merlin-logger.DEBUG: Running post-processing for post 220 [] []
[2023-03-29 09:58:11] merlin-logger.WARNING: Could not find the author for "Home" (post #220) [] []
[2023-03-29 09:58:11] merlin-logger.DEBUG: Post 220 was imported with author "myuser", but could not be found [] []
[2023-03-29 09:58:11] merlin-logger.DEBUG: Post 220 was marked for post-processing, but none was required. [] []
[2023-03-29 09:58:11] merlin-logger.DEBUG: Running post-processing for post 40 [] []
[2023-03-29 09:58:11] merlin-logger.WARNING: Could not find the author for "The best apps to your next trip" (post #40) [] []
[2023-03-29 09:58:11] merlin-logger.DEBUG: Post 40 was imported with author "myuser", but could not be found [] []
[2023-03-29 09:58:11] merlin-logger.DEBUG: Post 40 was marked for post-processing, but none was required. [] []
[2023-03-29 09:58:11] merlin-logger.DEBUG: Running post-processing for post 45 [] []
[2023-03-29 09:58:11] merlin-logger.WARNING: Could not find the author for "Latest Fashion Trends in This summer￼" (post #45) [] []
[2023-03-29 09:58:11] merlin-logger.DEBUG: Post 45 was imported with author "myuser", but could not be found [] []
[2023-03-29 09:58:11] merlin-logger.DEBUG: Post 45 was marked for post-processing, but none was required. [] []
[2023-03-29 09:58:11] merlin-logger.DEBUG: Running post-processing for post 46 [] []
[2023-03-29 09:58:11] merlin-logger.WARNING: Could not find the author for "Highlights New York Fashion Week 2022" (post #46) [] []
[2023-03-29 09:58:11] merlin-logger.DEBUG: Post 46 was imported with author "myuser", but could not be found [] []
[2023-03-29 09:58:11] merlin-logger.DEBUG: Post 46 was marked for post-processing, but none was required. [] []
[2023-03-29 09:58:11] merlin-logger.DEBUG: Running post-processing for post 56 [] []
[2023-03-29 09:58:11] merlin-logger.WARNING: Could not find the author for "Main Menu" (post #56) [] []
[2023-03-29 09:58:11] merlin-logger.DEBUG: Post 56 was imported with author "myuser", but could not be found [] []
[2023-03-29 09:58:11] merlin-logger.DEBUG: Post 56 was marked for post-processing, but none was required. [] []
[2023-03-29 09:58:11] merlin-logger.DEBUG: Running post-processing for post 75 [] []
[2023-03-29 09:58:11] merlin-logger.WARNING: Could not find the author for "Main Menu" (post #75) [] []
[2023-03-29 09:58:11] merlin-logger.DEBUG: Post 75 was imported with author "myuser", but could not be found [] []
[2023-03-29 09:58:11] merlin-logger.DEBUG: Post 75 was marked for post-processing, but none was required. [] []
[2023-03-29 09:58:11] merlin-logger.DEBUG: Running post-processing for post 158 [] []
[2023-03-29 09:58:11] merlin-logger.WARNING: Could not find the author for "Archive" (post #158) [] []
[2023-03-29 09:58:11] merlin-logger.DEBUG: Post 158 was imported with author "myuser", but could not be found [] []
[2023-03-29 09:58:11] merlin-logger.DEBUG: Post 158 was marked for post-processing, but none was required. [] []
[2023-03-29 09:58:11] merlin-logger.DEBUG: Running post-processing for post 159 [] []
[2023-03-29 09:58:11] merlin-logger.WARNING: Could not find the author for "Single Post" (post #159) [] []
[2023-03-29 09:58:11] merlin-logger.DEBUG: Post 159 was imported with author "myuser", but could not be found [] []
[2023-03-29 09:58:11] merlin-logger.DEBUG: Post 159 was marked for post-processing, but none was required. [] []
[2023-03-29 09:58:11] merlin-logger.DEBUG: Running post-processing for post 160 [] []
[2023-03-29 09:58:11] merlin-logger.WARNING: Could not find the author for "404" (post #160) [] []
[2023-03-29 09:58:11] merlin-logger.DEBUG: Post 160 was imported with author "myuser", but could not be found [] []
[2023-03-29 09:58:11] merlin-logger.DEBUG: Post 160 was marked for post-processing, but none was required. [] []
[2023-03-29 09:58:11] merlin-logger.DEBUG: Running post-processing for post 161 [] []
[2023-03-29 09:58:11] merlin-logger.WARNING: Could not find the author for "Page (No Title / Feature Image)" (post #161) [] []
[2023-03-29 09:58:11] merlin-logger.DEBUG: Post 161 was imported with author "myuser", but could not be found [] []
[2023-03-29 09:58:11] merlin-logger.DEBUG: Post 161 was marked for post-processing, but none was required. [] []
[2023-03-29 09:58:11] merlin-logger.DEBUG: Running post-processing for post 162 [] []
[2023-03-29 09:58:11] merlin-logger.WARNING: Could not find the author for "Page" (post #162) [] []
[2023-03-29 09:58:11] merlin-logger.DEBUG: Post 162 was imported with author "myuser", but could not be found [] []
[2023-03-29 09:58:11] merlin-logger.DEBUG: Post 162 was marked for post-processing, but none was required. [] []
[2023-03-29 09:58:11] merlin-logger.DEBUG: Running post-processing for post 163 [] []
[2023-03-29 09:58:11] merlin-logger.WARNING: Could not find the author for "Search" (post #163) [] []
[2023-03-29 09:58:11] merlin-logger.DEBUG: Post 163 was imported with author "myuser", but could not be found [] []
[2023-03-29 09:58:11] merlin-logger.DEBUG: Post 163 was marked for post-processing, but none was required. [] []
[2023-03-29 09:58:11] merlin-logger.DEBUG: Running post-processing for post 170 [] []
[2023-03-29 09:58:11] merlin-logger.WARNING: Could not find the author for "Custom Styles" (post #170) [] []
[2023-03-29 09:58:11] merlin-logger.DEBUG: Post 170 was imported with author "myuser", but could not be found [] []
[2023-03-29 09:58:11] merlin-logger.DEBUG: Post 170 was marked for post-processing, but none was required. [] []
[2023-03-29 09:58:11] merlin-logger.DEBUG: Running post-processing for post 192 [] []
[2023-03-29 09:58:11] merlin-logger.WARNING: Could not find the author for "Main Menu" (post #192) [] []
[2023-03-29 09:58:11] merlin-logger.DEBUG: Post 192 was imported with author "myuser", but could not be found [] []
[2023-03-29 09:58:11] merlin-logger.DEBUG: Post 192 was marked for post-processing, but none was required. [] []
[2023-03-29 09:58:11] merlin-logger.DEBUG: Running post-processing for post 207 [] []
[2023-03-29 09:58:11] merlin-logger.WARNING: Could not find the author for "Custom Styles" (post #207) [] []
[2023-03-29 09:58:11] merlin-logger.DEBUG: Post 207 was imported with author "myuser", but could not be found [] []
[2023-03-29 09:58:11] merlin-logger.DEBUG: Post 207 was marked for post-processing, but none was required. [] []
[2023-03-29 09:58:11] merlin-logger.DEBUG: Running post-processing for post 214 [] []
[2023-03-29 09:58:11] merlin-logger.WARNING: Could not find the author for "<a href="https://creativthemes.com/theme-demo/daily-construction/2022/02/14/open-your-business-for-creative-ideas/">Open Your Business For Creative Ideas</a>" (post #214) [] []
[2023-03-29 09:58:11] merlin-logger.DEBUG: Post 214 was imported with author "myuser", but could not be found [] []
[2023-03-29 09:58:11] merlin-logger.DEBUG: Post 214 was marked for post-processing, but none was required. [] []
[2023-03-29 09:58:11] merlin-logger.DEBUG: Running post-processing for post 221 [] []
[2023-03-29 09:58:11] merlin-logger.WARNING: Could not find the author for "Header" (post #221) [] []
[2023-03-29 09:58:11] merlin-logger.DEBUG: Post 221 was imported with author "myuser", but could not be found [] []
[2023-03-29 09:58:11] merlin-logger.DEBUG: Post 221 was marked for post-processing, but none was required. [] []
[2023-03-29 09:58:11] merlin-logger.DEBUG: Running post-processing for post 164 [] []
[2023-03-29 09:58:11] merlin-logger.WARNING: Could not find the author for "Footer" (post #164) [] []
[2023-03-29 09:58:11] merlin-logger.DEBUG: Post 164 was imported with author "myuser", but could not be found [] []
[2023-03-29 09:58:11] merlin-logger.DEBUG: Post 164 was marked for post-processing, but none was required. [] []
[2023-03-29 09:58:11] merlin-logger.DEBUG: Running post-processing for post 165 [] []
[2023-03-29 09:58:11] merlin-logger.WARNING: Could not find the author for "Sidebar" (post #165) [] []
[2023-03-29 09:58:11] merlin-logger.DEBUG: Post 165 was imported with author "myuser", but could not be found [] []
[2023-03-29 09:58:11] merlin-logger.DEBUG: Post 165 was marked for post-processing, but none was required. [] []
[2023-03-29 09:58:11] merlin-logger.DEBUG: Running post-processing for post 176 [] []
[2023-03-29 09:58:11] merlin-logger.WARNING: Could not find the author for "Header" (post #176) [] []
[2023-03-29 09:58:11] merlin-logger.DEBUG: Post 176 was imported with author "myuser", but could not be found [] []
[2023-03-29 09:58:11] merlin-logger.DEBUG: Post 176 was marked for post-processing, but none was required. [] []
[2023-03-29 09:58:11] merlin-logger.DEBUG: Running post-processing for post 199 [] []
[2023-03-29 09:58:11] merlin-logger.WARNING: Could not find the author for "Home" (post #199) [] []
[2023-03-29 09:58:11] merlin-logger.DEBUG: Post 199 was imported with author "myuser", but could not be found [] []
[2023-03-29 09:58:11] merlin-logger.DEBUG: Post 199 was marked for post-processing, but none was required. [] []
[2023-03-29 09:58:11] merlin-logger.DEBUG: Running post-processing for post 237 [] []
[2023-03-29 09:58:11] merlin-logger.WARNING: Could not find the author for "Index" (post #237) [] []
[2023-03-29 09:58:11] merlin-logger.DEBUG: Post 237 was imported with author "myuser", but could not be found [] []
[2023-03-29 09:58:11] merlin-logger.DEBUG: Post 237 was marked for post-processing, but none was required. [] []
[2023-03-29 09:58:11] merlin-logger.DEBUG: Running post-processing for post 246 [] []
[2023-03-29 09:58:11] merlin-logger.WARNING: Could not find the author for "Blog Listing" (post #246) [] []
[2023-03-29 09:58:11] merlin-logger.DEBUG: Post 246 was imported with author "myuser", but could not be found [] []
[2023-03-29 09:58:11] merlin-logger.DEBUG: Post 246 was marked for post-processing, but none was required. [] []
[2023-03-29 09:58:11] merlin-logger.DEBUG: Running post-processing for post 60 [] []
[2023-03-29 09:58:11] merlin-logger.WARNING: Could not find the author for "Contact form 1" (post #60) [] []
[2023-03-29 09:58:11] merlin-logger.DEBUG: Post 60 was imported with author "myuser", but could not be found [] []
[2023-03-29 09:58:11] merlin-logger.DEBUG: Post 60 was marked for post-processing, but none was required. [] []
[2023-03-29 09:58:11] merlin-logger.INFO: Starting remapping of featured images [] []
